<?xml version="1.0" encoding="UTF-8"?>
<!-- Generated by org.testng.reporters.JUnitXMLReporter -->
<testsuite ignored="0" hostname="LAPTOP-I9VA5NP4" failures="0" tests="9" name="Default test" time="210.892" errors="0" timestamp="2022-11-23T13:13:12 IST">
  <testcase classname="belmontipenthouse.testNg.LoginAccount" name="Verifylogin" time="11.5"/>
  <testcase classname="belmontipenthouse.testNg.LoginAccount" name="ClickONBuy" time="21.847"/>
  <testcase classname="belmontipenthouse.testNg.LoginAccount" name="ClickOnEnquireNow" time="23.092"/>
  <testcase classname="belmontipenthouse.testNg.LoginAccount" name="clickOnReviews" time="16.274"/>
  <testcase classname="belmontipenthouse.testNg.LoginAccount" name="clickOnPhotos" time="14.887"/>
  <testcase classname="belmontipenthouse.testNg.LoginAccount" name="clickOnfloorplan" time="15.208"/>
  <testcase classname="belmontipenthouse.testNg.LoginAccount" name="ClickOnLocation" time="15.145"/>
  <testcase classname="belmontipenthouse.testNg.LoginAccount" name="contactUs" time="14.711"/>
  <testcase classname="belmontipenthouse.testNg.LoginAccount" name="FAQs" time="14.805"/>
</testsuite> <!-- Default test -->
