<?xml version="1.0" encoding="UTF-8"?>
<testng-results ignored="0" total="9" passed="9" failed="0" skipped="0">
  <reporter-output>
  </reporter-output>
  <suite started-at="2022-11-23T13:09:41 IST" name="Default suite" finished-at="2022-11-23T13:13:12 IST" duration-ms="210892">
    <groups>
    </groups>
    <test started-at="2022-11-23T13:09:41 IST" name="Default test" finished-at="2022-11-23T13:13:12 IST" duration-ms="210892">
      <class name="belmontipenthouse.testNg.LoginAccount">
        <test-method is-config="true" signature="setup()[pri:0, instance:belmontipenthouse.testNg.LoginAccount@783a467b]" started-at="2022-11-23T13:09:41 IST" name="setup" finished-at="2022-11-23T13:09:50 IST" duration-ms="8971" status="PASS">
          <reporter-output>
          </reporter-output>
        </test-method> <!-- setup -->
        <test-method signature="Verifylogin()[pri:1, instance:belmontipenthouse.testNg.LoginAccount@783a467b]" started-at="2022-11-23T13:09:50 IST" name="Verifylogin" finished-at="2022-11-23T13:10:02 IST" duration-ms="11500" status="PASS">
          <reporter-output>
          </reporter-output>
        </test-method> <!-- Verifylogin -->
        <test-method is-config="true" signature="teardown()[pri:0, instance:belmontipenthouse.testNg.LoginAccount@783a467b]" started-at="2022-11-23T13:10:02 IST" name="teardown" finished-at="2022-11-23T13:10:02 IST" duration-ms="489" status="PASS">
          <reporter-output>
          </reporter-output>
        </test-method> <!-- teardown -->
        <test-method is-config="true" signature="setup()[pri:0, instance:belmontipenthouse.testNg.LoginAccount@783a467b]" started-at="2022-11-23T13:10:02 IST" name="setup" finished-at="2022-11-23T13:10:09 IST" duration-ms="6419" status="PASS">
          <reporter-output>
          </reporter-output>
        </test-method> <!-- setup -->
        <test-method signature="ClickONBuy()[pri:2, instance:belmontipenthouse.testNg.LoginAccount@783a467b]" started-at="2022-11-23T13:10:09 IST" name="ClickONBuy" finished-at="2022-11-23T13:10:30 IST" duration-ms="21847" status="PASS">
          <reporter-output>
          </reporter-output>
        </test-method> <!-- ClickONBuy -->
        <test-method is-config="true" signature="teardown()[pri:0, instance:belmontipenthouse.testNg.LoginAccount@783a467b]" started-at="2022-11-23T13:10:30 IST" name="teardown" finished-at="2022-11-23T13:10:31 IST" duration-ms="552" status="PASS">
          <reporter-output>
          </reporter-output>
        </test-method> <!-- teardown -->
        <test-method is-config="true" signature="setup()[pri:0, instance:belmontipenthouse.testNg.LoginAccount@783a467b]" started-at="2022-11-23T13:10:31 IST" name="setup" finished-at="2022-11-23T13:10:37 IST" duration-ms="6300" status="PASS">
          <reporter-output>
          </reporter-output>
        </test-method> <!-- setup -->
        <test-method signature="ClickOnEnquireNow()[pri:3, instance:belmontipenthouse.testNg.LoginAccount@783a467b]" started-at="2022-11-23T13:10:37 IST" name="ClickOnEnquireNow" finished-at="2022-11-23T13:11:00 IST" duration-ms="23092" status="PASS">
          <reporter-output>
          </reporter-output>
        </test-method> <!-- ClickOnEnquireNow -->
        <test-method is-config="true" signature="teardown()[pri:0, instance:belmontipenthouse.testNg.LoginAccount@783a467b]" started-at="2022-11-23T13:11:00 IST" name="teardown" finished-at="2022-11-23T13:11:01 IST" duration-ms="672" status="PASS">
          <reporter-output>
          </reporter-output>
        </test-method> <!-- teardown -->
        <test-method is-config="true" signature="setup()[pri:0, instance:belmontipenthouse.testNg.LoginAccount@783a467b]" started-at="2022-11-23T13:11:01 IST" name="setup" finished-at="2022-11-23T13:11:07 IST" duration-ms="6285" status="PASS">
          <reporter-output>
          </reporter-output>
        </test-method> <!-- setup -->
        <test-method signature="clickOnReviews()[pri:4, instance:belmontipenthouse.testNg.LoginAccount@783a467b]" started-at="2022-11-23T13:11:07 IST" name="clickOnReviews" finished-at="2022-11-23T13:11:24 IST" duration-ms="16274" status="PASS">
          <reporter-output>
          </reporter-output>
        </test-method> <!-- clickOnReviews -->
        <test-method is-config="true" signature="teardown()[pri:0, instance:belmontipenthouse.testNg.LoginAccount@783a467b]" started-at="2022-11-23T13:11:24 IST" name="teardown" finished-at="2022-11-23T13:11:24 IST" duration-ms="487" status="PASS">
          <reporter-output>
          </reporter-output>
        </test-method> <!-- teardown -->
        <test-method is-config="true" signature="setup()[pri:0, instance:belmontipenthouse.testNg.LoginAccount@783a467b]" started-at="2022-11-23T13:11:24 IST" name="setup" finished-at="2022-11-23T13:11:30 IST" duration-ms="6143" status="PASS">
          <reporter-output>
          </reporter-output>
        </test-method> <!-- setup -->
        <test-method signature="clickOnPhotos()[pri:5, instance:belmontipenthouse.testNg.LoginAccount@783a467b]" started-at="2022-11-23T13:11:30 IST" name="clickOnPhotos" finished-at="2022-11-23T13:11:45 IST" duration-ms="14887" status="PASS">
          <reporter-output>
          </reporter-output>
        </test-method> <!-- clickOnPhotos -->
        <test-method is-config="true" signature="teardown()[pri:0, instance:belmontipenthouse.testNg.LoginAccount@783a467b]" started-at="2022-11-23T13:11:45 IST" name="teardown" finished-at="2022-11-23T13:11:46 IST" duration-ms="446" status="PASS">
          <reporter-output>
          </reporter-output>
        </test-method> <!-- teardown -->
        <test-method is-config="true" signature="setup()[pri:0, instance:belmontipenthouse.testNg.LoginAccount@783a467b]" started-at="2022-11-23T13:11:46 IST" name="setup" finished-at="2022-11-23T13:11:52 IST" duration-ms="6128" status="PASS">
          <reporter-output>
          </reporter-output>
        </test-method> <!-- setup -->
        <test-method signature="clickOnfloorplan()[pri:6, instance:belmontipenthouse.testNg.LoginAccount@783a467b]" started-at="2022-11-23T13:11:52 IST" name="clickOnfloorplan" finished-at="2022-11-23T13:12:07 IST" duration-ms="15208" status="PASS">
          <reporter-output>
          </reporter-output>
        </test-method> <!-- clickOnfloorplan -->
        <test-method is-config="true" signature="teardown()[pri:0, instance:belmontipenthouse.testNg.LoginAccount@783a467b]" started-at="2022-11-23T13:12:07 IST" name="teardown" finished-at="2022-11-23T13:12:07 IST" duration-ms="512" status="PASS">
          <reporter-output>
          </reporter-output>
        </test-method> <!-- teardown -->
        <test-method is-config="true" signature="setup()[pri:0, instance:belmontipenthouse.testNg.LoginAccount@783a467b]" started-at="2022-11-23T13:12:07 IST" name="setup" finished-at="2022-11-23T13:12:14 IST" duration-ms="6072" status="PASS">
          <reporter-output>
          </reporter-output>
        </test-method> <!-- setup -->
        <test-method signature="ClickOnLocation()[pri:7, instance:belmontipenthouse.testNg.LoginAccount@783a467b]" started-at="2022-11-23T13:12:14 IST" name="ClickOnLocation" finished-at="2022-11-23T13:12:29 IST" duration-ms="15145" status="PASS">
          <reporter-output>
          </reporter-output>
        </test-method> <!-- ClickOnLocation -->
        <test-method is-config="true" signature="teardown()[pri:0, instance:belmontipenthouse.testNg.LoginAccount@783a467b]" started-at="2022-11-23T13:12:29 IST" name="teardown" finished-at="2022-11-23T13:12:29 IST" duration-ms="419" status="PASS">
          <reporter-output>
          </reporter-output>
        </test-method> <!-- teardown -->
        <test-method is-config="true" signature="setup()[pri:0, instance:belmontipenthouse.testNg.LoginAccount@783a467b]" started-at="2022-11-23T13:12:29 IST" name="setup" finished-at="2022-11-23T13:12:35 IST" duration-ms="6170" status="PASS">
          <reporter-output>
          </reporter-output>
        </test-method> <!-- setup -->
        <test-method signature="contactUs()[pri:8, instance:belmontipenthouse.testNg.LoginAccount@783a467b]" started-at="2022-11-23T13:12:35 IST" name="contactUs" finished-at="2022-11-23T13:12:50 IST" duration-ms="14711" status="PASS">
          <reporter-output>
          </reporter-output>
        </test-method> <!-- contactUs -->
        <test-method is-config="true" signature="teardown()[pri:0, instance:belmontipenthouse.testNg.LoginAccount@783a467b]" started-at="2022-11-23T13:12:50 IST" name="teardown" finished-at="2022-11-23T13:12:50 IST" duration-ms="426" status="PASS">
          <reporter-output>
          </reporter-output>
        </test-method> <!-- teardown -->
        <test-method is-config="true" signature="setup()[pri:0, instance:belmontipenthouse.testNg.LoginAccount@783a467b]" started-at="2022-11-23T13:12:50 IST" name="setup" finished-at="2022-11-23T13:12:57 IST" duration-ms="6215" status="PASS">
          <reporter-output>
          </reporter-output>
        </test-method> <!-- setup -->
        <test-method signature="FAQs()[pri:9, instance:belmontipenthouse.testNg.LoginAccount@783a467b]" started-at="2022-11-23T13:12:57 IST" name="FAQs" finished-at="2022-11-23T13:13:11 IST" duration-ms="14805" status="PASS">
          <reporter-output>
          </reporter-output>
        </test-method> <!-- FAQs -->
        <test-method is-config="true" signature="teardown()[pri:0, instance:belmontipenthouse.testNg.LoginAccount@783a467b]" started-at="2022-11-23T13:13:11 IST" name="teardown" finished-at="2022-11-23T13:13:12 IST" duration-ms="600" status="PASS">
          <reporter-output>
          </reporter-output>
        </test-method> <!-- teardown -->
      </class> <!-- belmontipenthouse.testNg.LoginAccount -->
    </test> <!-- Default test -->
  </suite> <!-- Default suite -->
</testng-results>
