<?xml version="1.0" encoding="UTF-8"?>
<testng-results ignored="0" total="1" passed="1" failed="0" skipped="0">
  <reporter-output>
  </reporter-output>
  <suite started-at="2022-11-21T17:30:21 IST" name="Default suite" finished-at="2022-11-21T17:30:22 IST" duration-ms="159">
    <groups>
    </groups>
    <test started-at="2022-11-21T17:30:21 IST" name="Default test" finished-at="2022-11-21T17:30:22 IST" duration-ms="159">
      <class name="belmontipenthouse.testNg.FirestTest">
        <test-method is-config="true" signature="beforeSuite()[pri:0, instance:belmontipenthouse.testNg.FirestTest@229c6181]" started-at="2022-11-21T17:30:21 IST" name="beforeSuite" finished-at="2022-11-21T17:30:21 IST" duration-ms="31" status="PASS">
          <reporter-output>
          </reporter-output>
        </test-method> <!-- beforeSuite -->
        <test-method is-config="true" signature="beforeTest()[pri:0, instance:belmontipenthouse.testNg.FirestTest@229c6181]" started-at="2022-11-21T17:30:22 IST" name="beforeTest" finished-at="2022-11-21T17:30:22 IST" duration-ms="2" status="PASS">
          <reporter-output>
          </reporter-output>
        </test-method> <!-- beforeTest -->
        <test-method is-config="true" signature="beforeClass()[pri:0, instance:belmontipenthouse.testNg.FirestTest@229c6181]" started-at="2022-11-21T17:30:22 IST" name="beforeClass" finished-at="2022-11-21T17:30:22 IST" duration-ms="2" status="PASS">
          <reporter-output>
          </reporter-output>
        </test-method> <!-- beforeClass -->
        <test-method is-config="true" signature="beforeMethod()[pri:0, instance:belmontipenthouse.testNg.FirestTest@229c6181]" started-at="2022-11-21T17:30:22 IST" name="beforeMethod" finished-at="2022-11-21T17:30:22 IST" duration-ms="1" status="PASS">
          <reporter-output>
          </reporter-output>
        </test-method> <!-- beforeMethod -->
        <test-method signature="ClickonBuy()[pri:0, instance:belmontipenthouse.testNg.FirestTest@229c6181]" started-at="2022-11-21T17:30:22 IST" name="ClickonBuy" finished-at="2022-11-21T17:30:22 IST" duration-ms="17" status="PASS">
          <reporter-output>
          </reporter-output>
        </test-method> <!-- ClickonBuy -->
        <test-method is-config="true" signature="afterMethod()[pri:0, instance:belmontipenthouse.testNg.FirestTest@229c6181]" started-at="2022-11-21T17:30:22 IST" name="afterMethod" finished-at="2022-11-21T17:30:22 IST" duration-ms="17" status="PASS">
          <reporter-output>
          </reporter-output>
        </test-method> <!-- afterMethod -->
      </class> <!-- belmontipenthouse.testNg.FirestTest -->
    </test> <!-- Default test -->
  </suite> <!-- Default suite -->
</testng-results>
